<?xml version="1.0" encoding="UTF-8"?>
<testng-results ignored="0" total="3" passed="2" failed="1" skipped="0">
  <reporter-output>
  </reporter-output>
  <suite started-at="2020-11-04T10:34:17 GMT" name="Default suite" finished-at="2020-11-04T10:34:39 GMT" duration-ms="21946">
    <groups>
    </groups>
    <test started-at="2020-11-04T10:34:17 GMT" name="Default test" finished-at="2020-11-04T10:34:39 GMT" duration-ms="21946">
      <class name="verifyLoginSection.Guru99BankTestSS1">
        <test-method is-config="true" signature="getExtentReports()[pri:0, instance:verifyLoginSection.Guru99BankTestSS1@34f5090e]" started-at="2020-11-04T10:34:16 GMT" name="getExtentReports" finished-at="2020-11-04T10:34:17 GMT" duration-ms="270" status="PASS">
          <reporter-output>
          </reporter-output>
        </test-method> <!-- getExtentReports -->
        <test-method is-config="true" signature="launchBrowser()[pri:0, instance:verifyLoginSection.Guru99BankTestSS1@34f5090e]" started-at="2020-11-04T10:34:17 GMT" name="launchBrowser" finished-at="2020-11-04T10:34:28 GMT" duration-ms="11648" status="PASS">
          <reporter-output>
          </reporter-output>
        </test-method> <!-- launchBrowser -->
        <test-method signature="enterVaildUserDetails()[pri:2, instance:verifyLoginSection.Guru99BankTestSS1@34f5090e]" started-at="2020-11-04T10:34:28 GMT" name="enterVaildUserDetails" finished-at="2020-11-04T10:34:38 GMT" duration-ms="9336" status="PASS">
          <reporter-output>
          </reporter-output>
        </test-method> <!-- enterVaildUserDetails -->
        <test-method is-config="true" signature="getResult(org.testng.ITestResult)[pri:0, instance:verifyLoginSection.Guru99BankTestSS1@34f5090e]" started-at="2020-11-04T10:34:38 GMT" name="getResult" finished-at="2020-11-04T10:34:38 GMT" duration-ms="7" status="PASS">
          <params>
            <param index="0">
              <value>
                <![CDATA[[TestResult name=enterVaildUserDetails status=SUCCESS method=Guru99BankTestSS1.enterVaildUserDetails()[pri:2, instance:verifyLoginSection.Guru99BankTestSS1@34f5090e] output={null}]]]>
              </value>
            </param>
          </params>
          <reporter-output>
          </reporter-output>
        </test-method> <!-- getResult -->
        <test-method signature="verifyTitle()[pri:3, instance:verifyLoginSection.Guru99BankTestSS1@34f5090e]" started-at="2020-11-04T10:34:38 GMT" name="verifyTitle" finished-at="2020-11-04T10:34:38 GMT" duration-ms="23" status="FAIL">
          <exception class="java.lang.AssertionError">
            <message>
              <![CDATA[expected [false] but found [true]]]>
            </message>
            <full-stacktrace>
              <![CDATA[java.lang.AssertionError: expected [false] but found [true]
at org.testng.Assert.fail(Assert.java:99)
at org.testng.Assert.failNotEquals(Assert.java:1037)
at org.testng.Assert.assertEqualsImpl(Assert.java:140)
at org.testng.Assert.assertEquals(Assert.java:122)
at org.testng.Assert.assertEquals(Assert.java:629)
at org.testng.Assert.assertEquals(Assert.java:639)
at verifyLoginSection.Guru99BankTestSS1.verifyTitle(Guru99BankTestSS1.java:102)
at java.base/jdk.internal.reflect.NativeMethodAccessorImpl.invoke0(Native Method)
at java.base/jdk.internal.reflect.NativeMethodAccessorImpl.invoke(NativeMethodAccessorImpl.java:62)
at java.base/jdk.internal.reflect.DelegatingMethodAccessorImpl.invoke(DelegatingMethodAccessorImpl.java:43)
at java.base/java.lang.reflect.Method.invoke(Method.java:564)
at org.testng.internal.MethodInvocationHelper.invokeMethod(MethodInvocationHelper.java:132)
at org.testng.internal.TestInvoker.invokeMethod(TestInvoker.java:599)
at org.testng.internal.TestInvoker.invokeTestMethod(TestInvoker.java:174)
at org.testng.internal.MethodRunner.runInSequence(MethodRunner.java:46)
at org.testng.internal.TestInvoker$MethodInvocationAgent.invoke(TestInvoker.java:822)
at org.testng.internal.TestInvoker.invokeTestMethods(TestInvoker.java:147)
at org.testng.internal.TestMethodWorker.invokeTestMethods(TestMethodWorker.java:146)
at org.testng.internal.TestMethodWorker.run(TestMethodWorker.java:128)
at java.base/java.util.ArrayList.forEach(ArrayList.java:1511)
at org.testng.TestRunner.privateRun(TestRunner.java:764)
at org.testng.TestRunner.run(TestRunner.java:585)
at org.testng.SuiteRunner.runTest(SuiteRunner.java:384)
at org.testng.SuiteRunner.runSequentially(SuiteRunner.java:378)
at org.testng.SuiteRunner.privateRun(SuiteRunner.java:337)
at org.testng.SuiteRunner.run(SuiteRunner.java:286)
at org.testng.SuiteRunnerWorker.runSuite(SuiteRunnerWorker.java:53)
at org.testng.SuiteRunnerWorker.run(SuiteRunnerWorker.java:96)
at org.testng.TestNG.runSuitesSequentially(TestNG.java:1218)
at org.testng.TestNG.runSuitesLocally(TestNG.java:1140)
at org.testng.TestNG.runSuites(TestNG.java:1069)
at org.testng.TestNG.run(TestNG.java:1037)
at org.testng.remote.AbstractRemoteTestNG.run(AbstractRemoteTestNG.java:115)
at org.testng.remote.RemoteTestNG.initAndRun(RemoteTestNG.java:251)
at org.testng.remote.RemoteTestNG.main(RemoteTestNG.java:77)
]]>
            </full-stacktrace>
          </exception> <!-- java.lang.AssertionError -->
          <reporter-output>
          </reporter-output>
        </test-method> <!-- verifyTitle -->
        <test-method is-config="true" signature="getResult(org.testng.ITestResult)[pri:0, instance:verifyLoginSection.Guru99BankTestSS1@34f5090e]" started-at="2020-11-04T10:34:38 GMT" name="getResult" finished-at="2020-11-04T10:34:38 GMT" duration-ms="9" status="PASS">
          <params>
            <param index="0">
              <value>
                <![CDATA[[TestResult name=verifyTitle status=FAILURE method=Guru99BankTestSS1.verifyTitle()[pri:3, instance:verifyLoginSection.Guru99BankTestSS1@34f5090e] output={null}]]]>
              </value>
            </param>
          </params>
          <reporter-output>
          </reporter-output>
        </test-method> <!-- getResult -->
        <test-method signature="verifyManagerID()[pri:4, instance:verifyLoginSection.Guru99BankTestSS1@34f5090e]" started-at="2020-11-04T10:34:38 GMT" name="verifyManagerID" finished-at="2020-11-04T10:34:38 GMT" duration-ms="52" status="PASS">
          <reporter-output>
          </reporter-output>
        </test-method> <!-- verifyManagerID -->
        <test-method is-config="true" signature="getResult(org.testng.ITestResult)[pri:0, instance:verifyLoginSection.Guru99BankTestSS1@34f5090e]" started-at="2020-11-04T10:34:38 GMT" name="getResult" finished-at="2020-11-04T10:34:38 GMT" duration-ms="0" status="PASS">
          <params>
            <param index="0">
              <value>
                <![CDATA[[TestResult name=verifyManagerID status=SUCCESS method=Guru99BankTestSS1.verifyManagerID()[pri:4, instance:verifyLoginSection.Guru99BankTestSS1@34f5090e] output={null}]]]>
              </value>
            </param>
          </params>
          <reporter-output>
          </reporter-output>
        </test-method> <!-- getResult -->
        <test-method is-config="true" signature="CloseBrowser()[pri:0, instance:verifyLoginSection.Guru99BankTestSS1@34f5090e]" started-at="2020-11-04T10:34:38 GMT" name="CloseBrowser" finished-at="2020-11-04T10:34:39 GMT" duration-ms="760" status="PASS">
          <reporter-output>
          </reporter-output>
        </test-method> <!-- CloseBrowser -->
        <test-method is-config="true" signature="tearDown()[pri:0, instance:verifyLoginSection.Guru99BankTestSS1@34f5090e]" started-at="2020-11-04T10:34:39 GMT" name="tearDown" finished-at="2020-11-04T10:34:39 GMT" duration-ms="413" status="PASS">
          <reporter-output>
          </reporter-output>
        </test-method> <!-- tearDown -->
      </class> <!-- verifyLoginSection.Guru99BankTestSS1 -->
    </test> <!-- Default test -->
  </suite> <!-- Default suite -->
</testng-results>
